{
  "C:\\Users\\idanv\\Desktop\\SafeSoundArena\\frontend\\src\\components\\MainBanner.tsx": {
    "path": "C:\\Users\\idanv\\Desktop\\SafeSoundArena\\frontend\\src\\components\\MainBanner.tsx",
    "statementMap": {
      "0": { "start": { "line": 6, "column": 4 }, "end": { "line": 16, "column": 5 } },
      "1": { "start": { "line": 7, "column": 6 }, "end": { "line": 13, "column": 11 } },
      "2": { "start": { "line": 9, "column": 10 }, "end": { "line": 9, "column": 88 } },
      "3": { "start": { "line": 12, "column": 10 }, "end": { "line": 12, "column": 45 } },
      "4": { "start": { "line": 15, "column": 6 }, "end": { "line": 15, "column": 41 } },
      "5": { "start": { "line": 19, "column": 2 }, "end": { "line": 34, "column": 4 } }
    },
    "fnMap": {
      "0": {
        "name": "MainBanner",
        "decl": { "start": { "line": 3, "column": 24 }, "end": { "line": 3, "column": 34 } },
        "loc": { "start": { "line": 3, "column": 37 }, "end": { "line": 35, "column": 1 } },
        "line": 3
      },
      "1": {
        "name": "connectPi",
        "decl": { "start": { "line": 5, "column": 11 }, "end": { "line": 5, "column": 20 } },
        "loc": { "start": { "line": 5, "column": 23 }, "end": { "line": 17, "column": 3 } },
        "line": 5
      },
      "2": {
        "name": "(anonymous_2)",
        "decl": { "start": { "line": 8, "column": 14 }, "end": { "line": 8, "column": 15 } },
        "loc": { "start": { "line": 8, "column": 29 }, "end": { "line": 10, "column": 9 } },
        "line": 8
      },
      "3": {
        "name": "(anonymous_3)",
        "decl": { "start": { "line": 11, "column": 15 }, "end": { "line": 11, "column": 16 } },
        "loc": { "start": { "line": 11, "column": 29 }, "end": { "line": 13, "column": 9 } },
        "line": 11
      }
    },
    "branchMap": {
      "0": {
        "loc": { "start": { "line": 6, "column": 4 }, "end": { "line": 16, "column": 5 } },
        "type": "if",
        "locations": [
          { "start": { "line": 6, "column": 4 }, "end": { "line": 16, "column": 5 } },
          { "start": { "line": 14, "column": 11 }, "end": { "line": 16, "column": 5 } }
        ],
        "line": 6
      },
      "1": {
        "loc": { "start": { "line": 6, "column": 8 }, "end": { "line": 6, "column": 50 } },
        "type": "binary-expr",
        "locations": [
          { "start": { "line": 6, "column": 8 }, "end": { "line": 6, "column": 37 } },
          { "start": { "line": 6, "column": 41 }, "end": { "line": 6, "column": 50 } }
        ],
        "line": 6
      },
      "2": {
        "loc": { "start": { "line": 9, "column": 35 }, "end": { "line": 9, "column": 85 } },
        "type": "binary-expr",
        "locations": [
          { "start": { "line": 9, "column": 35 }, "end": { "line": 9, "column": 49 } },
          { "start": { "line": 9, "column": 53 }, "end": { "line": 9, "column": 72 } },
          { "start": { "line": 9, "column": 76 }, "end": { "line": 9, "column": 85 } }
        ],
        "line": 9
      }
    },
    "s": { "0": 1, "1": 1, "2": 1, "3": 0, "4": 0, "5": 2 },
    "f": { "0": 2, "1": 1, "2": 1, "3": 0 },
    "b": { "0": [1, 0], "1": [1, 1], "2": [1, 1, 0] },
    "_coverageSchema": "1a1c01bbd47fc00a2c39e90264f33305004495a9",
    "hash": "0412e67e8260075e2d106c1b079c16cddcb40995"
  }
}
